[2022-12-26 14:04:15,705] DEBUG preRegister called. Server=com.sun.jmx.mbeanserver.JmxMBeanServer@66d3c617, name=log4j:logger=kafka.controller (kafka.controller)
[2022-12-26 14:10:48,170] INFO [ControllerEventThread controllerId=0] Starting (kafka.controller.ControllerEventManager$ControllerEventThread)
[2022-12-26 14:10:48,233] INFO [Controller id=0] 0 successfully elected as the controller. Epoch incremented to 1 and epoch zk version is now 1 (kafka.controller.KafkaController)
[2022-12-26 14:10:48,248] INFO [Controller id=0] Creating FeatureZNode at path: /feature with contents: FeatureZNode(Enabled,Features{}) (kafka.controller.KafkaController)
[2022-12-26 14:10:48,368] INFO [Controller id=0] Registering handlers (kafka.controller.KafkaController)
[2022-12-26 14:10:48,371] INFO [Controller id=0] Deleting log dir event notifications (kafka.controller.KafkaController)
[2022-12-26 14:10:48,391] INFO [Controller id=0] Deleting isr change notifications (kafka.controller.KafkaController)
[2022-12-26 14:10:48,393] INFO [Controller id=0] Initializing controller context (kafka.controller.KafkaController)
[2022-12-26 14:10:48,415] INFO [Controller id=0] Initialized broker epochs cache: Map(0 -> 25) (kafka.controller.KafkaController)
[2022-12-26 14:10:48,422] DEBUG [Controller id=0] Register BrokerModifications handler for Set(0) (kafka.controller.KafkaController)
[2022-12-26 14:10:48,435] DEBUG [Channel manager on controller 0]: Controller 0 trying to connect to broker 0 (kafka.controller.ControllerChannelManager)
[2022-12-26 14:10:48,450] INFO [RequestSendThread controllerId=0] Starting (kafka.controller.RequestSendThread)
[2022-12-26 14:10:48,450] INFO [Controller id=0] Currently active brokers in the cluster: Set(0) (kafka.controller.KafkaController)
[2022-12-26 14:10:48,451] INFO [Controller id=0] Currently shutting brokers in the cluster: Set() (kafka.controller.KafkaController)
[2022-12-26 14:10:48,451] INFO [Controller id=0] Current list of topics in the cluster: Set() (kafka.controller.KafkaController)
[2022-12-26 14:10:48,451] INFO [Controller id=0] Fetching topic deletions in progress (kafka.controller.KafkaController)
[2022-12-26 14:10:48,453] INFO [Controller id=0] List of topics to be deleted:  (kafka.controller.KafkaController)
[2022-12-26 14:10:48,453] INFO [Controller id=0] List of topics ineligible for deletion:  (kafka.controller.KafkaController)
[2022-12-26 14:10:48,453] INFO [Controller id=0] Initializing topic deletion manager (kafka.controller.KafkaController)
[2022-12-26 14:10:48,454] INFO [Topic Deletion Manager 0] Initializing manager with initial deletions: Set(), initial ineligible deletions: Set() (kafka.controller.TopicDeletionManager)
[2022-12-26 14:10:48,454] INFO [Controller id=0] Sending update metadata request (kafka.controller.KafkaController)
[2022-12-26 14:10:48,502] INFO [ReplicaStateMachine controllerId=0] Initializing replica state (kafka.controller.ZkReplicaStateMachine)
[2022-12-26 14:10:48,503] INFO [ReplicaStateMachine controllerId=0] Triggering online replica state changes (kafka.controller.ZkReplicaStateMachine)
[2022-12-26 14:10:48,507] INFO [ReplicaStateMachine controllerId=0] Triggering offline replica state changes (kafka.controller.ZkReplicaStateMachine)
[2022-12-26 14:10:48,507] DEBUG [ReplicaStateMachine controllerId=0] Started replica state machine with initial state -> Map() (kafka.controller.ZkReplicaStateMachine)
[2022-12-26 14:10:48,508] INFO [PartitionStateMachine controllerId=0] Initializing partition state (kafka.controller.ZkPartitionStateMachine)
[2022-12-26 14:10:48,508] INFO [PartitionStateMachine controllerId=0] Triggering online partition state changes (kafka.controller.ZkPartitionStateMachine)
[2022-12-26 14:10:48,509] INFO [RequestSendThread controllerId=0] Controller 0 connected to ndungas-mbp:9092 (id: 0 rack: null) for sending state change requests (kafka.controller.RequestSendThread)
[2022-12-26 14:10:48,514] DEBUG [PartitionStateMachine controllerId=0] Started partition state machine with initial state -> Map() (kafka.controller.ZkPartitionStateMachine)
[2022-12-26 14:10:48,516] INFO [Controller id=0] Ready to serve as the new controller with epoch 1 (kafka.controller.KafkaController)
[2022-12-26 14:10:48,526] INFO [Controller id=0] Partitions undergoing preferred replica election:  (kafka.controller.KafkaController)
[2022-12-26 14:10:48,527] INFO [Controller id=0] Partitions that completed preferred replica election:  (kafka.controller.KafkaController)
[2022-12-26 14:10:48,527] INFO [Controller id=0] Skipping preferred replica election for partitions due to topic deletion:  (kafka.controller.KafkaController)
[2022-12-26 14:10:48,528] INFO [Controller id=0] Resuming preferred replica election for partitions:  (kafka.controller.KafkaController)
[2022-12-26 14:10:48,529] INFO [Controller id=0] Starting replica leader election (PREFERRED) for partitions  triggered by ZkTriggered (kafka.controller.KafkaController)
[2022-12-26 14:10:48,541] INFO [Controller id=0] Starting the controller scheduler (kafka.controller.KafkaController)
[2022-12-26 14:10:53,552] INFO [Controller id=0] Processing automatic preferred replica leader election (kafka.controller.KafkaController)
[2022-12-26 14:10:53,554] TRACE [Controller id=0] Checking need to trigger auto leader balancing (kafka.controller.KafkaController)
[2022-12-26 14:14:18,764] INFO [Controller id=0] New topics: [Set(bankbranch)], deleted topics: [Set()], new partition replica assignment [Set(TopicIdReplicaAssignment(bankbranch,Some(F39aR0_1SneBSSLToFSIvQ),Map(bankbranch-1 -> ReplicaAssignment(replicas=0, addingReplicas=, removingReplicas=), bankbranch-0 -> ReplicaAssignment(replicas=0, addingReplicas=, removingReplicas=))))] (kafka.controller.KafkaController)
[2022-12-26 14:14:18,771] INFO [Controller id=0] New partition creation callback for bankbranch-1,bankbranch-0 (kafka.controller.KafkaController)
[2022-12-26 14:15:53,557] INFO [Controller id=0] Processing automatic preferred replica leader election (kafka.controller.KafkaController)
[2022-12-26 14:15:53,564] TRACE [Controller id=0] Checking need to trigger auto leader balancing (kafka.controller.KafkaController)
[2022-12-26 14:15:53,587] DEBUG [Controller id=0] Topics not in preferred replica for broker 0 Map() (kafka.controller.KafkaController)
[2022-12-26 14:15:53,598] TRACE [Controller id=0] Leader imbalance ratio for broker 0 is 0.0 (kafka.controller.KafkaController)
